<?xml version="1.0" encoding="UTF-8"?>
<testsuite name="com.dz0189.trade.AssetContractNewNewIssueTests" tests="6" skipped="0" failures="0" errors="0" timestamp="2019-10-31T04:49:26" hostname="ip-172-31-46-176" time="5.59">
  <properties/>
  <testcase name="mustIncludeIssueCommand" classname="com.dz0189.trade.AssetContractNewNewIssueTests" time="4.392"/>
  <testcase name="cannotCreateZeroValueAssets" classname="com.dz0189.trade.AssetContractNewNewIssueTests" time="0.303"/>
  <testcase name="issueTransactionMustHaveNoInputs" classname="com.dz0189.trade.AssetContractNewNewIssueTests" time="0.148"/>
  <testcase name="cannotIssueTooManyAssets" classname="com.dz0189.trade.AssetContractNewNewIssueTests" time="0.094"/>
  <testcase name="ownerMustSignIssueTransaction" classname="com.dz0189.trade.AssetContractNewNewIssueTests" time="0.202"/>
  <testcase name="issueTransactionMustHaveOneOutput" classname="com.dz0189.trade.AssetContractNewNewIssueTests" time="0.039"/>
  <system-out><![CDATA[?[37m[INFO] 04:49:26,356 [Test worker] cordapp.CordappLoader.apply - Generating a test-only CorDapp of classes discovered for package com.dz0189.trade in file:/home/ec2-user/environment/cordapp/dz0189-contracts-new/build/classes/kotlin/test/com/dz0189/trade: build/tmp/generated-test-cordapps/com.dz0189.trade-fb88af7d-8efe-415e-97b1-bc48844f20c5.jar
?[m?[37m[INFO] 04:49:26,608 [Test worker] cordapp.CordappLoader.apply - Generating a test-only CorDapp of classes discovered for package com.dz0189.trade in file:/home/ec2-user/environment/cordapp/dz0189-contracts-new/build/classes/kotlin/main/com/dz0189/trade: build/tmp/generated-test-cordapps/com.dz0189.trade-ed506524-a9f8-4606-a468-816685cfd4ac.jar
?[m?[37m[INFO] 04:49:26,647 [Test worker] cordapp.CordappLoader.<init> - Loading CorDapps from RestrictedURL(url=file:/home/ec2-user/environment/cordapp/dz0189-contracts-new/build/tmp/generated-test-cordapps/com.dz0189.trade-fb88af7d-8efe-415e-97b1-bc48844f20c5.jar, rootPackageName=null), RestrictedURL(url=file:/home/ec2-user/environment/cordapp/dz0189-contracts-new/build/tmp/generated-test-cordapps/com.dz0189.trade-ed506524-a9f8-4606-a468-816685cfd4ac.jar, rootPackageName=null)
?[m?[37m[INFO] 04:49:26,678 [Test worker] cordapp.CordappLoader.scanCordapp - Scanning CorDapp in file:/home/ec2-user/environment/cordapp/dz0189-contracts-new/build/tmp/generated-test-cordapps/com.dz0189.trade-fb88af7d-8efe-415e-97b1-bc48844f20c5.jar
?[m?[37m[INFO] 04:49:26,759 [Test worker] cordapp.CordappLoader.scanCordapp - Scanning CorDapp in file:/home/ec2-user/environment/cordapp/dz0189-contracts-new/build/tmp/generated-test-cordapps/com.dz0189.trade-ed506524-a9f8-4606-a468-816685cfd4ac.jar
?[m?[31m[WARN] 04:49:26,899 [Test worker] cordapp.CordappProviderImpl.verifyInstalledCordapps - The network parameters don't specify any whitelisted contract implementations. Please contact your zone operator. See https://docs.corda.net/network-map.html
?[m?[31m[WARN] 04:49:31,398 [Test worker] cordapp.CordappProviderImpl.verifyInstalledCordapps - The network parameters don't specify any whitelisted contract implementations. Please contact your zone operator. See https://docs.corda.net/network-map.html
?[m?[31m[WARN] 04:49:31,791 [Test worker] cordapp.CordappProviderImpl.verifyInstalledCordapps - The network parameters don't specify any whitelisted contract implementations. Please contact your zone operator. See https://docs.corda.net/network-map.html
?[m?[31m[WARN] 04:49:32,001 [Test worker] cordapp.CordappProviderImpl.verifyInstalledCordapps - The network parameters don't specify any whitelisted contract implementations. Please contact your zone operator. See https://docs.corda.net/network-map.html
?[m?[31m[WARN] 04:49:32,171 [Test worker] cordapp.CordappProviderImpl.verifyInstalledCordapps - The network parameters don't specify any whitelisted contract implementations. Please contact your zone operator. See https://docs.corda.net/network-map.html
?[m?[31m[WARN] 04:49:32,453 [Test worker] cordapp.CordappProviderImpl.verifyInstalledCordapps - The network parameters don't specify any whitelisted contract implementations. Please contact your zone operator. See https://docs.corda.net/network-map.html
?[m]]></system-out>
  <system-err><![CDATA[]]></system-err>
</testsuite>
