<?xml version="1.0" encoding="UTF-8"?>
<testsuite name="com.dz0189.issue.AssetStateTests" tests="4" skipped="0" failures="0" errors="0" timestamp="2019-10-30T13:11:02" hostname="ip-172-31-46-176" time="0.04">
  <properties/>
  <testcase name="ownerIsParticipant" classname="com.dz0189.issue.AssetStateTests" time="0.003"/>
  <testcase name="hasOwnerFieldOfCorrectType" classname="com.dz0189.issue.AssetStateTests" time="0.001"/>
  <testcase name="isOwnableAsset" classname="com.dz0189.issue.AssetStateTests" time="0.0"/>
  <testcase name="hasAssetAmountFieldOfCorrectType" classname="com.dz0189.issue.AssetStateTests" time="0.001"/>
  <system-out><![CDATA[]]></system-out>
  <system-err><![CDATA[]]></system-err>
</testsuite>
